CONST 2
K 1
= 3
10 0
; 3
VAR 2
A 1
, 3
B 1
, 3
D 1
, 3
E 1
, 3
F 1
; 3
PROCEDURE 2
F1 1
; 3
VAR 2
B 1
, 3
C 1
; 3
PROCEDURE 2
F2 1
; 3
VAR 2
C 1
, 3
D 1
; 3
PROCEDURE 2
F3 1
; 3
VAR 2
D 1
, 3
E 1
; 3
BEGIN 2
D 1
:= 3
1 0
; 3
D 1
:= 3
E 1
; 3
CALL 2
F1 1
END 2
; 3
BEGIN 2
C 1
:= 3
1 0
; 3
D 1
:= 3
C 1
END 2
; 3
PROCEDURE 2
F4 1
; 3
VAR 2
C 1
, 3
E 1
; 3
BEGIN 2
C 1
:= 3
1 0
; 3
E 1
:= 3
C 1
END 2
; 3
BEGIN 2
B 1
:= 3
1 0
; 3
C 1
:= 3
B 1
END 2
; 3
BEGIN 2
D 1
:= 3
A 1
* 3
2 0
; 3
E 1
:= 3
A 1
/ 3
3 0
; 3
WHILE 2
D 1
<= 3
E 1
DO 2
BEGIN 2
F 1
:= 3
D 1
+ 3
E 1
; 3
CALL 2
F1 1
; 3
IF 2
D 1
< 3
E 1
THEN 2
D 1
:= 3
E 1
END 2
; 3
D 1
:= 3
2 0
END 2
. 3
